2025-07-08 18:58:33,172 - __main__ - INFO - AI路由加载成功
2025-07-08 18:58:33,245 - main - INFO - AI路由加载成功
2025-07-08 18:58:33,246 - main - INFO - 应用启动中...
2025-07-08 18:58:33,356 - main - INFO - 数据库初始化完成
2025-07-08 18:58:33,356 - main - INFO - 应用关闭中...
2025-07-08 18:58:48,345 - __main__ - INFO - AI路由加载成功
2025-07-08 18:58:48,425 - main - INFO - AI路由加载成功
2025-07-08 18:58:48,426 - main - INFO - 应用启动中...
2025-07-08 18:58:48,430 - main - INFO - 数据库初始化完成
2025-07-08 19:12:55,962 - app.api.auth - WARNING - Login failed for username: teacher
2025-07-08 19:12:55,963 - app.api.auth - ERROR - Login error: 401: {'error': 'Authentication failed', 'message': 'Invalid username or password'}
Traceback (most recent call last):
  File "C:\Users\brian\projects\aiedu\backend\app\api\auth.py", line 54, in simple_login
    raise HTTPException(
fastapi.exceptions.HTTPException: 401: {'error': 'Authentication failed', 'message': 'Invalid username or password'}
2025-07-08 20:41:31,597 - app.api.auth - WARNING - Login failed for username: teacher
2025-07-08 20:41:31,598 - app.api.auth - ERROR - Login error: 401: {'error': 'Authentication failed', 'message': 'Invalid username or password'}
Traceback (most recent call last):
  File "C:\Users\brian\projects\aiedu\backend\app\api\auth.py", line 54, in simple_login
    raise HTTPException(
fastapi.exceptions.HTTPException: 401: {'error': 'Authentication failed', 'message': 'Invalid username or password'}
2025-07-08 20:48:16,985 - app.api.auth - WARNING - Login failed for username: teacher
2025-07-08 20:48:16,985 - app.api.auth - ERROR - Login error: 401: {'error': 'Authentication failed', 'message': 'Invalid username or password'}
Traceback (most recent call last):
  File "C:\Users\brian\projects\aiedu\backend\app\api\auth.py", line 54, in simple_login
    raise HTTPException(
fastapi.exceptions.HTTPException: 401: {'error': 'Authentication failed', 'message': 'Invalid username or password'}
2025-07-08 20:48:58,256 - app.api.auth - WARNING - Login failed for username: testteacher
2025-07-08 20:48:58,257 - app.api.auth - ERROR - Login error: 401: {'error': 'Authentication failed', 'message': 'Invalid username or password'}
Traceback (most recent call last):
  File "C:\Users\brian\projects\aiedu\backend\app\api\auth.py", line 54, in simple_login
    raise HTTPException(
fastapi.exceptions.HTTPException: 401: {'error': 'Authentication failed', 'message': 'Invalid username or password'}
2025-07-08 20:50:40,988 - app.api.auth - WARNING - Login failed for username: testteacher
2025-07-08 20:50:40,989 - app.api.auth - ERROR - Login error: 401: {'error': 'Authentication failed', 'message': 'Invalid username or password'}
Traceback (most recent call last):
  File "C:\Users\brian\projects\aiedu\backend\app\api\auth.py", line 54, in simple_login
    raise HTTPException(
fastapi.exceptions.HTTPException: 401: {'error': 'Authentication failed', 'message': 'Invalid username or password'}
2025-07-08 20:51:26,544 - app.api.auth - WARNING - Login failed for username: testteacher
2025-07-08 20:51:26,544 - app.api.auth - ERROR - Login error: 401: {'error': 'Authentication failed', 'message': 'Invalid username or password'}
Traceback (most recent call last):
  File "C:\Users\brian\projects\aiedu\backend\app\api\auth.py", line 54, in simple_login
    raise HTTPException(
fastapi.exceptions.HTTPException: 401: {'error': 'Authentication failed', 'message': 'Invalid username or password'}
2025-07-08 20:51:42,728 - app.api.auth - WARNING - Login failed for username: teacher
2025-07-08 20:51:42,729 - app.api.auth - ERROR - Login error: 401: {'error': 'Authentication failed', 'message': 'Invalid username or password'}
Traceback (most recent call last):
  File "C:\Users\brian\projects\aiedu\backend\app\api\auth.py", line 54, in simple_login
    raise HTTPException(
fastapi.exceptions.HTTPException: 401: {'error': 'Authentication failed', 'message': 'Invalid username or password'}
2025-07-08 20:52:35,065 - app.api.auth - WARNING - Login failed for username: testteacher
2025-07-08 20:52:35,066 - app.api.auth - ERROR - Login error: 401: {'error': 'Authentication failed', 'message': 'Invalid username or password'}
Traceback (most recent call last):
  File "C:\Users\brian\projects\aiedu\backend\app\api\auth.py", line 54, in simple_login
    raise HTTPException(
fastapi.exceptions.HTTPException: 401: {'error': 'Authentication failed', 'message': 'Invalid username or password'}
2025-07-09 00:15:21,378 - __main__ - INFO - AI路由加载成功
2025-07-09 00:15:21,554 - main - INFO - AI路由加载成功
2025-07-09 00:15:21,557 - main - INFO - 应用启动中...
2025-07-09 00:15:21,561 - main - INFO - 数据库初始化完成
2025-07-09 00:15:21,563 - main - INFO - 应用关闭中...
